<?xml version="1.0" encoding="UTF-8"?>
<!-- Generated by org.testng.reporters.JUnitXMLReporter -->
<testsuite ignored="0" hostname="DESKTOP-HIN4ESK" failures="0" tests="11" name="Default test" time="50.905" errors="0" timestamp="2024-08-26T18:35:50 IST">
  <testcase classname="Tests.formfilling_Tests" name="afterformfill" time="4.415"/>
  <testcase classname="Tests.formfilling_Tests" name="afterformfill" time="3.875"/>
  <testcase classname="Tests.formfilling_Tests" name="afterformfill" time="3.394"/>
  <testcase classname="Tests.formfilling_Tests" name="afterformfill" time="3.398"/>
  <testcase classname="Tests.formfilling_Tests" name="afterformfill" time="3.988"/>
  <testcase classname="Tests.formfilling_Tests" name="afterformfill" time="3.967"/>
  <testcase classname="Tests.formfilling_Tests" name="afterformfill" time="3.34"/>
  <testcase classname="Tests.formfilling_Tests" name="afterformfill" time="3.373"/>
  <testcase classname="Tests.formfilling_Tests" name="afterformfill" time="3.349"/>
  <testcase classname="Tests.formfilling_Tests" name="afterformfill" time="3.387"/>
  <testcase classname="Tests.formfilling_Tests" name="edit" time="12.961"/>
</testsuite> <!-- Default test -->
