<?xml version="1.0" encoding="UTF-8"?>
<testng-results ignored="0" total="11" passed="11" failed="0" skipped="0">
  <reporter-output>
  </reporter-output>
  <suite started-at="2024-08-26T19:18:21 IST" name="Suite" finished-at="2024-08-26T19:19:15 IST" duration-ms="54052">
    <groups>
    </groups>
    <test started-at="2024-08-26T19:18:21 IST" name="Test" finished-at="2024-08-26T19:19:15 IST" duration-ms="54052">
      <class name="Tests.formfilling_Tests">
        <test-method is-config="true" signature="beforemethod1()[pri:0, instance:Tests.formfilling_Tests@344f4dea]" started-at="2024-08-26T19:18:19 IST" name="beforemethod1" finished-at="2024-08-26T19:18:21 IST" duration-ms="1746" status="PASS">
          <reporter-output>
          </reporter-output>
        </test-method> <!-- beforemethod1 -->
        <test-method is-config="true" signature="beforetest1()[pri:0, instance:Tests.formfilling_Tests@344f4dea]" started-at="2024-08-26T19:18:21 IST" name="beforetest1" finished-at="2024-08-26T19:18:21 IST" duration-ms="0" status="PASS">
          <reporter-output>
          </reporter-output>
        </test-method> <!-- beforetest1 -->
        <test-method signature="afterformfill(java.lang.String,java.lang.String,java.lang.String,java.lang.String)[pri:1, instance:Tests.formfilling_Tests@344f4dea]" started-at="2024-08-26T19:18:22 IST" name="afterformfill" data-provider="readingdatafromexcel" finished-at="2024-08-26T19:18:26 IST" duration-ms="3806" status="PASS">
          <params>
            <param index="0">
              <value>
                <![CDATA[Aravind]]>
              </value>
            </param>
            <param index="1">
              <value>
                <![CDATA[101.0]]>
              </value>
            </param>
            <param index="2">
              <value>
                <![CDATA[400000.0]]>
              </value>
            </param>
            <param index="3">
              <value>
                <![CDATA[Chennai]]>
              </value>
            </param>
          </params>
          <reporter-output>
          </reporter-output>
        </test-method> <!-- afterformfill -->
        <test-method signature="afterformfill(java.lang.String,java.lang.String,java.lang.String,java.lang.String)[pri:1, instance:Tests.formfilling_Tests@344f4dea]" started-at="2024-08-26T19:18:26 IST" name="afterformfill" data-provider="readingdatafromexcel" finished-at="2024-08-26T19:18:30 IST" duration-ms="4090" status="PASS">
          <params>
            <param index="0">
              <value>
                <![CDATA[Babu]]>
              </value>
            </param>
            <param index="1">
              <value>
                <![CDATA[102.0]]>
              </value>
            </param>
            <param index="2">
              <value>
                <![CDATA[400001.0]]>
              </value>
            </param>
            <param index="3">
              <value>
                <![CDATA[Bangalore]]>
              </value>
            </param>
          </params>
          <reporter-output>
          </reporter-output>
        </test-method> <!-- afterformfill -->
        <test-method signature="afterformfill(java.lang.String,java.lang.String,java.lang.String,java.lang.String)[pri:1, instance:Tests.formfilling_Tests@344f4dea]" started-at="2024-08-26T19:18:30 IST" name="afterformfill" data-provider="readingdatafromexcel" finished-at="2024-08-26T19:18:34 IST" duration-ms="3727" status="PASS">
          <params>
            <param index="0">
              <value>
                <![CDATA[Chithra]]>
              </value>
            </param>
            <param index="1">
              <value>
                <![CDATA[103.0]]>
              </value>
            </param>
            <param index="2">
              <value>
                <![CDATA[500002.0]]>
              </value>
            </param>
            <param index="3">
              <value>
                <![CDATA[Vellore]]>
              </value>
            </param>
          </params>
          <reporter-output>
          </reporter-output>
        </test-method> <!-- afterformfill -->
        <test-method signature="afterformfill(java.lang.String,java.lang.String,java.lang.String,java.lang.String)[pri:1, instance:Tests.formfilling_Tests@344f4dea]" started-at="2024-08-26T19:18:34 IST" name="afterformfill" data-provider="readingdatafromexcel" finished-at="2024-08-26T19:18:38 IST" duration-ms="4374" status="PASS">
          <params>
            <param index="0">
              <value>
                <![CDATA[Divya]]>
              </value>
            </param>
            <param index="1">
              <value>
                <![CDATA[104.0]]>
              </value>
            </param>
            <param index="2">
              <value>
                <![CDATA[500003.0]]>
              </value>
            </param>
            <param index="3">
              <value>
                <![CDATA[Tirichy]]>
              </value>
            </param>
          </params>
          <reporter-output>
          </reporter-output>
        </test-method> <!-- afterformfill -->
        <test-method signature="afterformfill(java.lang.String,java.lang.String,java.lang.String,java.lang.String)[pri:1, instance:Tests.formfilling_Tests@344f4dea]" started-at="2024-08-26T19:18:38 IST" name="afterformfill" data-provider="readingdatafromexcel" finished-at="2024-08-26T19:18:42 IST" duration-ms="3704" status="PASS">
          <params>
            <param index="0">
              <value>
                <![CDATA[Ellaki]]>
              </value>
            </param>
            <param index="1">
              <value>
                <![CDATA[105.0]]>
              </value>
            </param>
            <param index="2">
              <value>
                <![CDATA[800004.0]]>
              </value>
            </param>
            <param index="3">
              <value>
                <![CDATA[Coimbatore]]>
              </value>
            </param>
          </params>
          <reporter-output>
          </reporter-output>
        </test-method> <!-- afterformfill -->
        <test-method signature="afterformfill(java.lang.String,java.lang.String,java.lang.String,java.lang.String)[pri:1, instance:Tests.formfilling_Tests@344f4dea]" started-at="2024-08-26T19:18:42 IST" name="afterformfill" data-provider="readingdatafromexcel" finished-at="2024-08-26T19:18:46 IST" duration-ms="4537" status="PASS">
          <params>
            <param index="0">
              <value>
                <![CDATA[Fredrick]]>
              </value>
            </param>
            <param index="1">
              <value>
                <![CDATA[106.0]]>
              </value>
            </param>
            <param index="2">
              <value>
                <![CDATA[800005.0]]>
              </value>
            </param>
            <param index="3">
              <value>
                <![CDATA[Dindugul]]>
              </value>
            </param>
          </params>
          <reporter-output>
          </reporter-output>
        </test-method> <!-- afterformfill -->
        <test-method signature="afterformfill(java.lang.String,java.lang.String,java.lang.String,java.lang.String)[pri:1, instance:Tests.formfilling_Tests@344f4dea]" started-at="2024-08-26T19:18:46 IST" name="afterformfill" data-provider="readingdatafromexcel" finished-at="2024-08-26T19:18:50 IST" duration-ms="3696" status="PASS">
          <params>
            <param index="0">
              <value>
                <![CDATA[Gowri]]>
              </value>
            </param>
            <param index="1">
              <value>
                <![CDATA[107.0]]>
              </value>
            </param>
            <param index="2">
              <value>
                <![CDATA[56006.0]]>
              </value>
            </param>
            <param index="3">
              <value>
                <![CDATA[Theni]]>
              </value>
            </param>
          </params>
          <reporter-output>
          </reporter-output>
        </test-method> <!-- afterformfill -->
        <test-method signature="afterformfill(java.lang.String,java.lang.String,java.lang.String,java.lang.String)[pri:1, instance:Tests.formfilling_Tests@344f4dea]" started-at="2024-08-26T19:18:50 IST" name="afterformfill" data-provider="readingdatafromexcel" finished-at="2024-08-26T19:18:54 IST" duration-ms="3709" status="PASS">
          <params>
            <param index="0">
              <value>
                <![CDATA[Harini]]>
              </value>
            </param>
            <param index="1">
              <value>
                <![CDATA[108.0]]>
              </value>
            </param>
            <param index="2">
              <value>
                <![CDATA[56007.0]]>
              </value>
            </param>
            <param index="3">
              <value>
                <![CDATA[Salem]]>
              </value>
            </param>
          </params>
          <reporter-output>
          </reporter-output>
        </test-method> <!-- afterformfill -->
        <test-method signature="afterformfill(java.lang.String,java.lang.String,java.lang.String,java.lang.String)[pri:1, instance:Tests.formfilling_Tests@344f4dea]" started-at="2024-08-26T19:18:54 IST" name="afterformfill" data-provider="readingdatafromexcel" finished-at="2024-08-26T19:18:58 IST" duration-ms="3696" status="PASS">
          <params>
            <param index="0">
              <value>
                <![CDATA[Indhumathi]]>
              </value>
            </param>
            <param index="1">
              <value>
                <![CDATA[109.0]]>
              </value>
            </param>
            <param index="2">
              <value>
                <![CDATA[400408.0]]>
              </value>
            </param>
            <param index="3">
              <value>
                <![CDATA[Erode]]>
              </value>
            </param>
          </params>
          <reporter-output>
          </reporter-output>
        </test-method> <!-- afterformfill -->
        <test-method signature="afterformfill(java.lang.String,java.lang.String,java.lang.String,java.lang.String)[pri:1, instance:Tests.formfilling_Tests@344f4dea]" started-at="2024-08-26T19:18:58 IST" name="afterformfill" data-provider="readingdatafromexcel" finished-at="2024-08-26T19:19:01 IST" duration-ms="3712" status="PASS">
          <params>
            <param index="0">
              <value>
                <![CDATA[Jacklein]]>
              </value>
            </param>
            <param index="1">
              <value>
                <![CDATA[110.0]]>
              </value>
            </param>
            <param index="2">
              <value>
                <![CDATA[400409.0]]>
              </value>
            </param>
            <param index="3">
              <value>
                <![CDATA[Tiruvallur]]>
              </value>
            </param>
          </params>
          <reporter-output>
          </reporter-output>
        </test-method> <!-- afterformfill -->
        <test-method signature="edit()[pri:2, instance:Tests.formfilling_Tests@344f4dea]" started-at="2024-08-26T19:19:01 IST" name="edit" finished-at="2024-08-26T19:19:15 IST" duration-ms="13946" status="PASS">
          <reporter-output>
          </reporter-output>
        </test-method> <!-- edit -->
      </class> <!-- Tests.formfilling_Tests -->
    </test> <!-- Test -->
  </suite> <!-- Suite -->
</testng-results>
